<?xml version="1.0" encoding="UTF-8"?>
<!--
    Test a receiving XIS to send an update to the Task at the sending XIS as a create operation.
    See _text-taskUpdate for further documentation.
-->
<nts:component xmlns="http://hl7.org/fhir" xmlns:nts="http://nictiz.nl/xsl/testscript">
    <nts:include value="_test.taskUpdate.general">
        <nts:with-parameter name="direction" value="request"/>
    </nts:include>
</nts:component>
